build/app/intermediates/manifest_merge_blame_file/release/manifest-merger-blame-release-report.txt
1<?xml version="1.0" encoding="utf-8"?>
2<manifest xmlns:android="http://schemas.android.com/apk/res/android"
3    package="com.app.klizards"
4    android:versionCode="7"
5    android:versionName="2.0.0" >
6
7    <uses-sdk
8        android:minSdkVersion="21"
9        android:targetSdkVersion="35" />
10
11    <uses-permission android:name="android.permission.INTERNET" />
11-->src\main\AndroidManifest.xml:4:5-67
11-->src\main\AndroidManifest.xml:4:22-64
12    <uses-permission android:name="android.permission.WAKE_LOCK" />
12-->[:firebase_messaging] AndroidManifest.xml:8:5-68
12-->[:firebase_messaging] AndroidManifest.xml:8:22-65
13    <uses-permission android:name="android.permission.ACCESS_NETWORK_STATE" /> <!-- Permissions options for the `notification` group -->
13-->[:firebase_messaging] AndroidManifest.xml:9:5-79
13-->[:firebase_messaging] AndroidManifest.xml:9:22-76
14    <uses-permission android:name="android.permission.POST_NOTIFICATIONS" />
14-->[:firebase_messaging] AndroidManifest.xml:11:5-77
14-->[:firebase_messaging] AndroidManifest.xml:11:22-74
15
16    <queries>
16-->[:flutter_inappwebview_android] AndroidManifest.xml:7:5-11:15
17        <intent>
17-->[:flutter_inappwebview_android] AndroidManifest.xml:8:9-10:18
18            <action android:name="android.support.customtabs.action.CustomTabsService" />
18-->[:flutter_inappwebview_android] AndroidManifest.xml:9:13-90
18-->[:flutter_inappwebview_android] AndroidManifest.xml:9:21-87
19        </intent>
20    </queries> <!-- Required by older versions of Google Play services to create IID tokens -->
21    <uses-permission android:name="com.google.android.c2dm.permission.RECEIVE" />
21-->[com.google.firebase:firebase-messaging:23.3.1] AndroidManifest.xml:26:5-82
21-->[com.google.firebase:firebase-messaging:23.3.1] AndroidManifest.xml:26:22-79
22
23    <permission
23-->[androidx.core:core:1.13.1] AndroidManifest.xml:22:5-24:47
24        android:name="com.app.klizards.DYNAMIC_RECEIVER_NOT_EXPORTED_PERMISSION"
24-->[androidx.core:core:1.13.1] AndroidManifest.xml:23:9-81
25        android:protectionLevel="signature" />
25-->[androidx.core:core:1.13.1] AndroidManifest.xml:24:9-44
26
27    <uses-permission android:name="com.app.klizards.DYNAMIC_RECEIVER_NOT_EXPORTED_PERMISSION" />
27-->[androidx.core:core:1.13.1] AndroidManifest.xml:26:5-97
27-->[androidx.core:core:1.13.1] AndroidManifest.xml:26:22-94
28
29    <application
30        android:name="android.app.Application"
30-->src\main\AndroidManifest.xml:8:9-42
31        android:appComponentFactory="androidx.core.app.CoreComponentFactory"
31-->[androidx.core:core:1.13.1] AndroidManifest.xml:28:18-86
32        android:extractNativeLibs="true"
33        android:icon="@mipmap/ic_launcher"
33-->src\main\AndroidManifest.xml:11:9-43
34        android:label="GHM"
34-->src\main\AndroidManifest.xml:7:9-28
35        android:roundIcon="@mipmap/ic_launcher"
35-->src\main\AndroidManifest.xml:9:8-47
36        android:usesCleartextTraffic="true" >
36-->src\main\AndroidManifest.xml:10:8-43
37        <activity
37-->src\main\AndroidManifest.xml:12:9-32:20
38            android:name="com.example.ghm.MainActivity"
38-->src\main\AndroidManifest.xml:13:13-41
39            android:configChanges="orientation|keyboardHidden|keyboard|screenSize|smallestScreenSize|locale|layoutDirection|fontScale|screenLayout|density|uiMode"
39-->src\main\AndroidManifest.xml:17:13-163
40            android:exported="true"
40-->src\main\AndroidManifest.xml:14:13-36
41            android:hardwareAccelerated="true"
41-->src\main\AndroidManifest.xml:18:13-47
42            android:launchMode="singleTop"
42-->src\main\AndroidManifest.xml:15:13-43
43            android:theme="@style/LaunchTheme"
43-->src\main\AndroidManifest.xml:16:13-47
44            android:windowSoftInputMode="adjustResize" >
44-->src\main\AndroidManifest.xml:19:13-55
45
46            <!--
47                 Specifies an Android theme to apply to this Activity as soon as
48                 the Android process has started. This theme is visible to the user
49                 while the Flutter UI initializes. After that, this theme continues
50                 to determine the Window background behind the Flutter UI.
51            -->
52            <meta-data
52-->src\main\AndroidManifest.xml:24:13-27:17
53                android:name="io.flutter.embedding.android.NormalTheme"
53-->src\main\AndroidManifest.xml:25:15-70
54                android:resource="@style/NormalTheme" />
54-->src\main\AndroidManifest.xml:26:15-52
55
56            <intent-filter>
56-->src\main\AndroidManifest.xml:28:13-31:29
57                <action android:name="android.intent.action.MAIN" />
57-->src\main\AndroidManifest.xml:29:17-68
57-->src\main\AndroidManifest.xml:29:25-66
58
59                <category android:name="android.intent.category.LAUNCHER" />
59-->src\main\AndroidManifest.xml:30:17-76
59-->src\main\AndroidManifest.xml:30:27-74
60            </intent-filter>
61        </activity>
62        <!--
63             Don't delete the meta-data below.
64             This is used by the Flutter tool to generate GeneratedPluginRegistrant.java
65        -->
66        <meta-data
66-->src\main\AndroidManifest.xml:35:9-37:33
67            android:name="flutterEmbedding"
67-->src\main\AndroidManifest.xml:36:13-44
68            android:value="2" />
68-->src\main\AndroidManifest.xml:37:13-30
69
70        <service
70-->[:firebase_messaging] AndroidManifest.xml:14:9-17:72
71            android:name="io.flutter.plugins.firebase.messaging.FlutterFirebaseMessagingBackgroundService"
71-->[:firebase_messaging] AndroidManifest.xml:15:13-107
72            android:exported="false"
72-->[:firebase_messaging] AndroidManifest.xml:16:13-37
73            android:permission="android.permission.BIND_JOB_SERVICE" />
73-->[:firebase_messaging] AndroidManifest.xml:17:13-69
74        <service
74-->[:firebase_messaging] AndroidManifest.xml:18:9-24:19
75            android:name="io.flutter.plugins.firebase.messaging.FlutterFirebaseMessagingService"
75-->[:firebase_messaging] AndroidManifest.xml:19:13-97
76            android:exported="false" >
76-->[:firebase_messaging] AndroidManifest.xml:20:13-37
77            <intent-filter>
77-->[:firebase_messaging] AndroidManifest.xml:21:13-23:29
78                <action android:name="com.google.firebase.MESSAGING_EVENT" />
78-->[:firebase_messaging] AndroidManifest.xml:22:17-78
78-->[:firebase_messaging] AndroidManifest.xml:22:25-75
79            </intent-filter>
80        </service>
81
82        <receiver
82-->[:firebase_messaging] AndroidManifest.xml:26:9-33:20
83            android:name="io.flutter.plugins.firebase.messaging.FlutterFirebaseMessagingReceiver"
83-->[:firebase_messaging] AndroidManifest.xml:27:13-98
84            android:exported="true"
84-->[:firebase_messaging] AndroidManifest.xml:28:13-36
85            android:permission="com.google.android.c2dm.permission.SEND" >
85-->[:firebase_messaging] AndroidManifest.xml:29:13-73
86            <intent-filter>
86-->[:firebase_messaging] AndroidManifest.xml:30:13-32:29
87                <action android:name="com.google.android.c2dm.intent.RECEIVE" />
87-->[:firebase_messaging] AndroidManifest.xml:31:17-81
87-->[:firebase_messaging] AndroidManifest.xml:31:25-78
88            </intent-filter>
89        </receiver>
90
91        <service
91-->[:firebase_messaging] AndroidManifest.xml:35:9-39:19
92            android:name="com.google.firebase.components.ComponentDiscoveryService"
92-->[:firebase_messaging] AndroidManifest.xml:35:18-89
93            android:directBootAware="true"
93-->[com.google.firebase:firebase-common:20.4.2] AndroidManifest.xml:32:13-43
94            android:exported="false" >
94-->[com.google.firebase:firebase-messaging:23.3.1] AndroidManifest.xml:56:13-37
95            <meta-data
95-->[:firebase_messaging] AndroidManifest.xml:36:13-38:85
96                android:name="com.google.firebase.components:io.flutter.plugins.firebase.messaging.FlutterFirebaseAppRegistrar"
96-->[:firebase_messaging] AndroidManifest.xml:37:17-128
97                android:value="com.google.firebase.components.ComponentRegistrar" />
97-->[:firebase_messaging] AndroidManifest.xml:38:17-82
98            <meta-data
98-->[:firebase_core] AndroidManifest.xml:9:13-11:85
99                android:name="com.google.firebase.components:io.flutter.plugins.firebase.core.FlutterFirebaseCoreRegistrar"
99-->[:firebase_core] AndroidManifest.xml:10:17-124
100                android:value="com.google.firebase.components.ComponentRegistrar" />
100-->[:firebase_core] AndroidManifest.xml:11:17-82
101            <meta-data
101-->[com.google.firebase:firebase-messaging:23.3.1] AndroidManifest.xml:57:13-59:85
102                android:name="com.google.firebase.components:com.google.firebase.messaging.FirebaseMessagingKtxRegistrar"
102-->[com.google.firebase:firebase-messaging:23.3.1] AndroidManifest.xml:58:17-122
103                android:value="com.google.firebase.components.ComponentRegistrar" />
103-->[com.google.firebase:firebase-messaging:23.3.1] AndroidManifest.xml:59:17-82
104            <meta-data
104-->[com.google.firebase:firebase-messaging:23.3.1] AndroidManifest.xml:60:13-62:85
105                android:name="com.google.firebase.components:com.google.firebase.messaging.FirebaseMessagingRegistrar"
105-->[com.google.firebase:firebase-messaging:23.3.1] AndroidManifest.xml:61:17-119
106                android:value="com.google.firebase.components.ComponentRegistrar" />
106-->[com.google.firebase:firebase-messaging:23.3.1] AndroidManifest.xml:62:17-82
107            <meta-data
107-->[com.google.firebase:firebase-iid:21.1.0] AndroidManifest.xml:32:13-34:85
108                android:name="com.google.firebase.components:com.google.firebase.iid.Registrar"
108-->[com.google.firebase:firebase-iid:21.1.0] AndroidManifest.xml:33:17-96
109                android:value="com.google.firebase.components.ComponentRegistrar" />
109-->[com.google.firebase:firebase-iid:21.1.0] AndroidManifest.xml:34:17-82
110            <meta-data
110-->[com.google.firebase:firebase-installations:17.2.0] AndroidManifest.xml:15:13-17:85
111                android:name="com.google.firebase.components:com.google.firebase.installations.FirebaseInstallationsKtxRegistrar"
111-->[com.google.firebase:firebase-installations:17.2.0] AndroidManifest.xml:16:17-130
112                android:value="com.google.firebase.components.ComponentRegistrar" />
112-->[com.google.firebase:firebase-installations:17.2.0] AndroidManifest.xml:17:17-82
113            <meta-data
113-->[com.google.firebase:firebase-installations:17.2.0] AndroidManifest.xml:18:13-20:85
114                android:name="com.google.firebase.components:com.google.firebase.installations.FirebaseInstallationsRegistrar"
114-->[com.google.firebase:firebase-installations:17.2.0] AndroidManifest.xml:19:17-127
115                android:value="com.google.firebase.components.ComponentRegistrar" />
115-->[com.google.firebase:firebase-installations:17.2.0] AndroidManifest.xml:20:17-82
116            <meta-data
116-->[com.google.firebase:firebase-common-ktx:20.4.2] AndroidManifest.xml:12:13-14:85
117                android:name="com.google.firebase.components:com.google.firebase.ktx.FirebaseCommonLegacyRegistrar"
117-->[com.google.firebase:firebase-common-ktx:20.4.2] AndroidManifest.xml:13:17-116
118                android:value="com.google.firebase.components.ComponentRegistrar" />
118-->[com.google.firebase:firebase-common-ktx:20.4.2] AndroidManifest.xml:14:17-82
119            <meta-data
119-->[com.google.firebase:firebase-common:20.4.2] AndroidManifest.xml:35:13-37:85
120                android:name="com.google.firebase.components:com.google.firebase.FirebaseCommonKtxRegistrar"
120-->[com.google.firebase:firebase-common:20.4.2] AndroidManifest.xml:36:17-109
121                android:value="com.google.firebase.components.ComponentRegistrar" />
121-->[com.google.firebase:firebase-common:20.4.2] AndroidManifest.xml:37:17-82
122            <meta-data
122-->[com.google.firebase:firebase-datatransport:18.1.7] AndroidManifest.xml:27:13-29:85
123                android:name="com.google.firebase.components:com.google.firebase.datatransport.TransportRegistrar"
123-->[com.google.firebase:firebase-datatransport:18.1.7] AndroidManifest.xml:28:17-115
124                android:value="com.google.firebase.components.ComponentRegistrar" />
124-->[com.google.firebase:firebase-datatransport:18.1.7] AndroidManifest.xml:29:17-82
125        </service>
126
127        <provider
127-->[:firebase_messaging] AndroidManifest.xml:41:9-45:38
128            android:name="io.flutter.plugins.firebase.messaging.FlutterFirebaseMessagingInitProvider"
128-->[:firebase_messaging] AndroidManifest.xml:42:13-102
129            android:authorities="com.app.klizards.flutterfirebasemessaginginitprovider"
129-->[:firebase_messaging] AndroidManifest.xml:43:13-88
130            android:exported="false"
130-->[:firebase_messaging] AndroidManifest.xml:44:13-37
131            android:initOrder="99" />
131-->[:firebase_messaging] AndroidManifest.xml:45:13-35
132
133        <activity
133-->[:flutter_inappwebview_android] AndroidManifest.xml:14:9-18:47
134            android:name="com.pichillilorenzo.flutter_inappwebview_android.in_app_browser.InAppBrowserActivity"
134-->[:flutter_inappwebview_android] AndroidManifest.xml:15:13-112
135            android:configChanges="orientation|keyboardHidden|keyboard|screenSize|locale|layoutDirection|fontScale|screenLayout|density"
135-->[:flutter_inappwebview_android] AndroidManifest.xml:16:13-137
136            android:exported="false"
136-->[:flutter_inappwebview_android] AndroidManifest.xml:17:13-37
137            android:theme="@style/AppTheme" />
137-->[:flutter_inappwebview_android] AndroidManifest.xml:18:13-44
138        <activity
138-->[:flutter_inappwebview_android] AndroidManifest.xml:19:9-22:55
139            android:name="com.pichillilorenzo.flutter_inappwebview_android.chrome_custom_tabs.ChromeCustomTabsActivity"
139-->[:flutter_inappwebview_android] AndroidManifest.xml:20:13-120
140            android:exported="false"
140-->[:flutter_inappwebview_android] AndroidManifest.xml:21:13-37
141            android:theme="@style/ThemeTransparent" />
141-->[:flutter_inappwebview_android] AndroidManifest.xml:22:13-52
142        <activity
142-->[:flutter_inappwebview_android] AndroidManifest.xml:23:9-26:55
143            android:name="com.pichillilorenzo.flutter_inappwebview_android.chrome_custom_tabs.TrustedWebActivity"
143-->[:flutter_inappwebview_android] AndroidManifest.xml:24:13-114
144            android:exported="false"
144-->[:flutter_inappwebview_android] AndroidManifest.xml:25:13-37
145            android:theme="@style/ThemeTransparent" />
145-->[:flutter_inappwebview_android] AndroidManifest.xml:26:13-52
146        <activity
146-->[:flutter_inappwebview_android] AndroidManifest.xml:27:9-31:55
147            android:name="com.pichillilorenzo.flutter_inappwebview_android.chrome_custom_tabs.ChromeCustomTabsActivitySingleInstance"
147-->[:flutter_inappwebview_android] AndroidManifest.xml:28:13-134
148            android:exported="false"
148-->[:flutter_inappwebview_android] AndroidManifest.xml:29:13-37
149            android:launchMode="singleInstance"
149-->[:flutter_inappwebview_android] AndroidManifest.xml:30:13-48
150            android:theme="@style/ThemeTransparent" />
150-->[:flutter_inappwebview_android] AndroidManifest.xml:31:13-52
151        <activity
151-->[:flutter_inappwebview_android] AndroidManifest.xml:32:9-36:55
152            android:name="com.pichillilorenzo.flutter_inappwebview_android.chrome_custom_tabs.TrustedWebActivitySingleInstance"
152-->[:flutter_inappwebview_android] AndroidManifest.xml:33:13-128
153            android:exported="false"
153-->[:flutter_inappwebview_android] AndroidManifest.xml:34:13-37
154            android:launchMode="singleInstance"
154-->[:flutter_inappwebview_android] AndroidManifest.xml:35:13-48
155            android:theme="@style/ThemeTransparent" />
155-->[:flutter_inappwebview_android] AndroidManifest.xml:36:13-52
156
157        <receiver
157-->[:flutter_inappwebview_android] AndroidManifest.xml:38:9-41:40
158            android:name="com.pichillilorenzo.flutter_inappwebview_android.chrome_custom_tabs.ActionBroadcastReceiver"
158-->[:flutter_inappwebview_android] AndroidManifest.xml:39:13-119
159            android:enabled="true"
159-->[:flutter_inappwebview_android] AndroidManifest.xml:40:13-35
160            android:exported="false" />
160-->[:flutter_inappwebview_android] AndroidManifest.xml:41:13-37
161
162        <meta-data
162-->[:flutter_inappwebview_android] AndroidManifest.xml:43:9-45:36
163            android:name="io.flutter.embedded_views_preview"
163-->[:flutter_inappwebview_android] AndroidManifest.xml:44:13-61
164            android:value="true" />
164-->[:flutter_inappwebview_android] AndroidManifest.xml:45:13-33
165
166        <provider
166-->[:image_picker_android] AndroidManifest.xml:8:9-16:20
167            android:name="io.flutter.plugins.imagepicker.ImagePickerFileProvider"
167-->[:image_picker_android] AndroidManifest.xml:9:13-82
168            android:authorities="com.app.klizards.flutter.image_provider"
168-->[:image_picker_android] AndroidManifest.xml:10:13-74
169            android:exported="false"
169-->[:image_picker_android] AndroidManifest.xml:11:13-37
170            android:grantUriPermissions="true" >
170-->[:image_picker_android] AndroidManifest.xml:12:13-47
171            <meta-data
171-->[:image_picker_android] AndroidManifest.xml:13:13-15:75
172                android:name="android.support.FILE_PROVIDER_PATHS"
172-->[:image_picker_android] AndroidManifest.xml:14:17-67
173                android:resource="@xml/flutter_image_picker_file_paths" />
173-->[:image_picker_android] AndroidManifest.xml:15:17-72
174        </provider>
175        <!--
176           Declares a provider which allows us to store files to share in
177           '.../caches/share_plus' and grant the receiving action access
178        -->
179        <provider
179-->[:share_plus] AndroidManifest.xml:13:9-21:20
180            android:name="dev.fluttercommunity.plus.share.ShareFileProvider"
180-->[:share_plus] AndroidManifest.xml:14:13-77
181            android:authorities="com.app.klizards.flutter.share_provider"
181-->[:share_plus] AndroidManifest.xml:15:13-74
182            android:exported="false"
182-->[:share_plus] AndroidManifest.xml:16:13-37
183            android:grantUriPermissions="true" >
183-->[:share_plus] AndroidManifest.xml:17:13-47
184            <meta-data
184-->[:image_picker_android] AndroidManifest.xml:13:13-15:75
185                android:name="android.support.FILE_PROVIDER_PATHS"
185-->[:image_picker_android] AndroidManifest.xml:14:17-67
186                android:resource="@xml/flutter_share_file_paths" />
186-->[:image_picker_android] AndroidManifest.xml:15:17-72
187        </provider>
188        <!--
189           This manifest declared broadcast receiver allows us to use an explicit
190           Intent when creating a PendingItent to be informed of the user's choice
191        -->
192        <receiver
192-->[:share_plus] AndroidManifest.xml:26:9-32:20
193            android:name="dev.fluttercommunity.plus.share.SharePlusPendingIntent"
193-->[:share_plus] AndroidManifest.xml:27:13-82
194            android:exported="false" >
194-->[:share_plus] AndroidManifest.xml:28:13-37
195            <intent-filter>
195-->[:share_plus] AndroidManifest.xml:29:13-31:29
196                <action android:name="EXTRA_CHOSEN_COMPONENT" />
196-->[:share_plus] AndroidManifest.xml:30:17-65
196-->[:share_plus] AndroidManifest.xml:30:25-62
197            </intent-filter>
198        </receiver>
199
200        <activity
200-->[:url_launcher_android] AndroidManifest.xml:8:9-11:74
201            android:name="io.flutter.plugins.urllauncher.WebViewActivity"
201-->[:url_launcher_android] AndroidManifest.xml:9:13-74
202            android:exported="false"
202-->[:url_launcher_android] AndroidManifest.xml:10:13-37
203            android:theme="@android:style/Theme.NoTitleBar.Fullscreen" />
203-->[:url_launcher_android] AndroidManifest.xml:11:13-71
204
205        <receiver
205-->[com.google.firebase:firebase-messaging:23.3.1] AndroidManifest.xml:29:9-40:20
206            android:name="com.google.firebase.iid.FirebaseInstanceIdReceiver"
206-->[com.google.firebase:firebase-messaging:23.3.1] AndroidManifest.xml:30:13-78
207            android:exported="true"
207-->[com.google.firebase:firebase-messaging:23.3.1] AndroidManifest.xml:31:13-36
208            android:permission="com.google.android.c2dm.permission.SEND" >
208-->[com.google.firebase:firebase-messaging:23.3.1] AndroidManifest.xml:32:13-73
209            <intent-filter>
209-->[:firebase_messaging] AndroidManifest.xml:30:13-32:29
210                <action android:name="com.google.android.c2dm.intent.RECEIVE" />
210-->[:firebase_messaging] AndroidManifest.xml:31:17-81
210-->[:firebase_messaging] AndroidManifest.xml:31:25-78
211            </intent-filter>
212
213            <meta-data
213-->[com.google.firebase:firebase-messaging:23.3.1] AndroidManifest.xml:37:13-39:40
214                android:name="com.google.android.gms.cloudmessaging.FINISHED_AFTER_HANDLED"
214-->[com.google.firebase:firebase-messaging:23.3.1] AndroidManifest.xml:38:17-92
215                android:value="true" />
215-->[com.google.firebase:firebase-messaging:23.3.1] AndroidManifest.xml:39:17-37
216        </receiver>
217        <!--
218             FirebaseMessagingService performs security checks at runtime,
219             but set to not exported to explicitly avoid allowing another app to call it.
220        -->
221        <service
221-->[com.google.firebase:firebase-messaging:23.3.1] AndroidManifest.xml:46:9-53:19
222            android:name="com.google.firebase.messaging.FirebaseMessagingService"
222-->[com.google.firebase:firebase-messaging:23.3.1] AndroidManifest.xml:47:13-82
223            android:directBootAware="true"
223-->[com.google.firebase:firebase-messaging:23.3.1] AndroidManifest.xml:48:13-43
224            android:exported="false" >
224-->[com.google.firebase:firebase-messaging:23.3.1] AndroidManifest.xml:49:13-37
225            <intent-filter android:priority="-500" >
225-->[:firebase_messaging] AndroidManifest.xml:21:13-23:29
226                <action android:name="com.google.firebase.MESSAGING_EVENT" />
226-->[:firebase_messaging] AndroidManifest.xml:22:17-78
226-->[:firebase_messaging] AndroidManifest.xml:22:25-75
227            </intent-filter>
228        </service>
229
230        <uses-library
230-->[androidx.window:window:1.2.0] AndroidManifest.xml:23:9-25:40
231            android:name="androidx.window.extensions"
231-->[androidx.window:window:1.2.0] AndroidManifest.xml:24:13-54
232            android:required="false" />
232-->[androidx.window:window:1.2.0] AndroidManifest.xml:25:13-37
233        <uses-library
233-->[androidx.window:window:1.2.0] AndroidManifest.xml:26:9-28:40
234            android:name="androidx.window.sidecar"
234-->[androidx.window:window:1.2.0] AndroidManifest.xml:27:13-51
235            android:required="false" />
235-->[androidx.window:window:1.2.0] AndroidManifest.xml:28:13-37
236
237        <provider
237-->[androidx.emoji2:emoji2:1.2.0] AndroidManifest.xml:24:9-32:20
238            android:name="androidx.startup.InitializationProvider"
238-->[androidx.emoji2:emoji2:1.2.0] AndroidManifest.xml:25:13-67
239            android:authorities="com.app.klizards.androidx-startup"
239-->[androidx.emoji2:emoji2:1.2.0] AndroidManifest.xml:26:13-68
240            android:exported="false" >
240-->[androidx.emoji2:emoji2:1.2.0] AndroidManifest.xml:27:13-37
241            <meta-data
241-->[androidx.emoji2:emoji2:1.2.0] AndroidManifest.xml:29:13-31:52
242                android:name="androidx.emoji2.text.EmojiCompatInitializer"
242-->[androidx.emoji2:emoji2:1.2.0] AndroidManifest.xml:30:17-75
243                android:value="androidx.startup" />
243-->[androidx.emoji2:emoji2:1.2.0] AndroidManifest.xml:31:17-49
244            <meta-data
244-->[androidx.lifecycle:lifecycle-process:2.7.0] AndroidManifest.xml:29:13-31:52
245                android:name="androidx.lifecycle.ProcessLifecycleInitializer"
245-->[androidx.lifecycle:lifecycle-process:2.7.0] AndroidManifest.xml:30:17-78
246                android:value="androidx.startup" />
246-->[androidx.lifecycle:lifecycle-process:2.7.0] AndroidManifest.xml:31:17-49
247            <meta-data
247-->[androidx.profileinstaller:profileinstaller:1.3.1] AndroidManifest.xml:29:13-31:52
248                android:name="androidx.profileinstaller.ProfileInstallerInitializer"
248-->[androidx.profileinstaller:profileinstaller:1.3.1] AndroidManifest.xml:30:17-85
249                android:value="androidx.startup" />
249-->[androidx.profileinstaller:profileinstaller:1.3.1] AndroidManifest.xml:31:17-49
250        </provider>
251        <provider
251-->[com.google.firebase:firebase-common:20.4.2] AndroidManifest.xml:23:9-28:39
252            android:name="com.google.firebase.provider.FirebaseInitProvider"
252-->[com.google.firebase:firebase-common:20.4.2] AndroidManifest.xml:24:13-77
253            android:authorities="com.app.klizards.firebaseinitprovider"
253-->[com.google.firebase:firebase-common:20.4.2] AndroidManifest.xml:25:13-72
254            android:directBootAware="true"
254-->[com.google.firebase:firebase-common:20.4.2] AndroidManifest.xml:26:13-43
255            android:exported="false"
255-->[com.google.firebase:firebase-common:20.4.2] AndroidManifest.xml:27:13-37
256            android:initOrder="100" />
256-->[com.google.firebase:firebase-common:20.4.2] AndroidManifest.xml:28:13-36
257
258        <activity
258-->[com.google.android.gms:play-services-base:18.0.1] AndroidManifest.xml:20:9-22:45
259            android:name="com.google.android.gms.common.api.GoogleApiActivity"
259-->[com.google.android.gms:play-services-base:18.0.1] AndroidManifest.xml:20:19-85
260            android:exported="false"
260-->[com.google.android.gms:play-services-base:18.0.1] AndroidManifest.xml:22:19-43
261            android:theme="@android:style/Theme.Translucent.NoTitleBar" />
261-->[com.google.android.gms:play-services-base:18.0.1] AndroidManifest.xml:21:19-78
262
263        <meta-data
263-->[com.google.android.gms:play-services-basement:18.1.0] AndroidManifest.xml:21:9-23:69
264            android:name="com.google.android.gms.version"
264-->[com.google.android.gms:play-services-basement:18.1.0] AndroidManifest.xml:22:13-58
265            android:value="@integer/google_play_services_version" />
265-->[com.google.android.gms:play-services-basement:18.1.0] AndroidManifest.xml:23:13-66
266
267        <receiver
267-->[androidx.profileinstaller:profileinstaller:1.3.1] AndroidManifest.xml:34:9-52:20
268            android:name="androidx.profileinstaller.ProfileInstallReceiver"
268-->[androidx.profileinstaller:profileinstaller:1.3.1] AndroidManifest.xml:35:13-76
269            android:directBootAware="false"
269-->[androidx.profileinstaller:profileinstaller:1.3.1] AndroidManifest.xml:36:13-44
270            android:enabled="true"
270-->[androidx.profileinstaller:profileinstaller:1.3.1] AndroidManifest.xml:37:13-35
271            android:exported="true"
271-->[androidx.profileinstaller:profileinstaller:1.3.1] AndroidManifest.xml:38:13-36
272            android:permission="android.permission.DUMP" >
272-->[androidx.profileinstaller:profileinstaller:1.3.1] AndroidManifest.xml:39:13-57
273            <intent-filter>
273-->[androidx.profileinstaller:profileinstaller:1.3.1] AndroidManifest.xml:40:13-42:29
274                <action android:name="androidx.profileinstaller.action.INSTALL_PROFILE" />
274-->[androidx.profileinstaller:profileinstaller:1.3.1] AndroidManifest.xml:41:17-91
274-->[androidx.profileinstaller:profileinstaller:1.3.1] AndroidManifest.xml:41:25-88
275            </intent-filter>
276            <intent-filter>
276-->[androidx.profileinstaller:profileinstaller:1.3.1] AndroidManifest.xml:43:13-45:29
277                <action android:name="androidx.profileinstaller.action.SKIP_FILE" />
277-->[androidx.profileinstaller:profileinstaller:1.3.1] AndroidManifest.xml:44:17-85
277-->[androidx.profileinstaller:profileinstaller:1.3.1] AndroidManifest.xml:44:25-82
278            </intent-filter>
279            <intent-filter>
279-->[androidx.profileinstaller:profileinstaller:1.3.1] AndroidManifest.xml:46:13-48:29
280                <action android:name="androidx.profileinstaller.action.SAVE_PROFILE" />
280-->[androidx.profileinstaller:profileinstaller:1.3.1] AndroidManifest.xml:47:17-88
280-->[androidx.profileinstaller:profileinstaller:1.3.1] AndroidManifest.xml:47:25-85
281            </intent-filter>
282            <intent-filter>
282-->[androidx.profileinstaller:profileinstaller:1.3.1] AndroidManifest.xml:49:13-51:29
283                <action android:name="androidx.profileinstaller.action.BENCHMARK_OPERATION" />
283-->[androidx.profileinstaller:profileinstaller:1.3.1] AndroidManifest.xml:50:17-95
283-->[androidx.profileinstaller:profileinstaller:1.3.1] AndroidManifest.xml:50:25-92
284            </intent-filter>
285        </receiver>
286
287        <service
287-->[com.google.android.datatransport:transport-backend-cct:3.1.8] AndroidManifest.xml:28:9-34:19
288            android:name="com.google.android.datatransport.runtime.backends.TransportBackendDiscovery"
288-->[com.google.android.datatransport:transport-backend-cct:3.1.8] AndroidManifest.xml:29:13-103
289            android:exported="false" >
289-->[com.google.android.datatransport:transport-backend-cct:3.1.8] AndroidManifest.xml:30:13-37
290            <meta-data
290-->[com.google.android.datatransport:transport-backend-cct:3.1.8] AndroidManifest.xml:31:13-33:39
291                android:name="backend:com.google.android.datatransport.cct.CctBackendFactory"